<?xml version="1.0" encoding="UTF-8"?>
<!-- Generated by org.testng.reporters.JUnitReportReporter -->
<testsuite hostname="DESKTOP-4L5HLC9" failures="0" tests="1" name="org.treebo.practice.BasicFeatureTestNg" time="0.007" errors="0" timestamp="2022-09-09T10:06:19 IST" skipped="0">
  <testcase classname="org.treebo.practice.BasicFeatureTestNg" name="TestNGPracticeTest2" time="0.007"/>
  <system-out/>
</testsuite> <!-- org.treebo.practice.BasicFeatureTestNg -->
