<?xml version="1.0" encoding="UTF-8"?>
<!-- Generated by org.testng.reporters.JUnitReportReporter -->
<testsuite hostname="DESKTOP-4L5HLC9" failures="0" tests="1" name="org.treebo.practice.TC_3" time="4.578" errors="0" timestamp="2022-09-15T10:42:48 IST" skipped="0">
  <testcase classname="org.treebo.practice.TC_3" name="tc_3" time="4.578"/>
  <system-out/>
</testsuite> <!-- org.treebo.practice.TC_3 -->
