<?xml version="1.0" encoding="UTF-8"?>
<!-- Generated by org.testng.reporters.JUnitReportReporter -->
<testsuite hostname="DESKTOP-4L5HLC9" failures="0" tests="1" name="org.treebo.practice.TC_4Test" time="5.363" errors="0" timestamp="2022-09-15T12:44:04 IST" skipped="0">
  <testcase classname="org.treebo.practice.TC_4Test" name="tc_4" time="5.363"/>
  <system-out/>
</testsuite> <!-- org.treebo.practice.TC_4Test -->
