<?xml version="1.0" encoding="UTF-8"?>
<!-- Generated by org.testng.reporters.JUnitReportReporter -->
<testsuite hostname="DESKTOP-4L5HLC9" failures="0" tests="1" name="org.treebo.practice.Tc_Automate" time="5.386" errors="0" timestamp="2022-09-15T10:17:49 IST" skipped="0">
  <testcase classname="org.treebo.practice.Tc_Automate" name="tc_automate" time="5.386"/>
  <system-out/>
</testsuite> <!-- org.treebo.practice.Tc_Automate -->
