<?xml version="1.0" encoding="UTF-8"?>
<!-- Generated by org.testng.reporters.JUnitReportReporter -->
<testsuite hostname="DESKTOP-9CD1PJA" failures="0" tests="1" name="org.treebo.practice.TC_3Test" time="5.362" errors="0" timestamp="20 Sep 2022 07:39:06 GMT">
  <testcase classname="org.treebo.practice.TC_3Test" name="tc_3" time="5.362"/>
</testsuite> <!-- org.treebo.practice.TC_3Test -->
